INFO main de.htwg.go - 
    0 1 2 3 4 5 6 7 8
    _ _ _ _ _ _ _ _ _
0  |0 0 0 0 0 0 0 0 0 
1  |0 0 0 0 0 0 0 0 0 
2  |0 0 0 0 0 0 0 0 0 
3  |0 0 0 0 0 0 0 0 0 
4  |0 0 0 0 0 0 0 0 0 
5  |0 0 0 0 0 0 0 0 0 
6  |0 0 0 0 0 0 0 0 0 
7  |0 0 0 0 0 0 0 0 0 
8  |0 0 0 0 0 0 0 0 0 

INFO main de.htwg.go - 
Gamefield successfully created
black is next
INFO main de.htwg.go - 
white Player score: 0
black Player score: 0
INFO AWT-EventQueue-0 de.htwg.go - 
    0 1 2 3 4 5 6 7 8
    _ _ _ _ _ _ _ _ _
0  |0 0 0 0 0 0 0 0 0 
1  |0 0 0 0 0 0 0 0 0 
2  |0 0 0 0 0 0 0 0 0 
3  |0 0 0 0 0 0 0 0 0 
4  |0 0 0 0 0 0 0 0 0 
5  |0 0 0 0 0 2 0 0 0 
6  |0 0 0 0 0 0 0 0 0 
7  |0 0 0 0 0 0 0 0 0 
8  |0 0 0 0 0 0 0 0 0 

INFO AWT-EventQueue-0 de.htwg.go - 
set BLACK at (5,5)
white is next
INFO AWT-EventQueue-0 de.htwg.go - 
white Player score: 0
black Player score: 1
INFO AWT-EventQueue-0 de.htwg.go - 
    0 1 2 3 4 5 6 7 8
    _ _ _ _ _ _ _ _ _
0  |0 0 0 0 0 0 0 0 0 
1  |0 0 0 0 0 0 0 0 0 
2  |0 0 0 0 0 0 0 0 0 
3  |0 0 0 0 0 0 0 0 0 
4  |0 0 0 0 0 0 0 0 0 
5  |0 0 0 0 0 2 1 0 0 
6  |0 0 0 0 0 0 0 0 0 
7  |0 0 0 0 0 0 0 0 0 
8  |0 0 0 0 0 0 0 0 0 

INFO AWT-EventQueue-0 de.htwg.go - 
set WHITE at (6,5)
black is next
INFO AWT-EventQueue-0 de.htwg.go - 
white Player score: 1
black Player score: 1
INFO AWT-EventQueue-0 de.htwg.go - 
    0 1 2 3 4 5 6 7 8
    _ _ _ _ _ _ _ _ _
0  |0 0 0 0 0 0 0 0 0 
1  |0 0 0 0 0 0 0 0 0 
2  |0 0 0 0 0 0 0 0 0 
3  |0 0 0 0 0 0 0 0 0 
4  |0 0 0 0 0 2 0 0 0 
5  |0 0 0 0 0 2 1 0 0 
6  |0 0 0 0 0 0 0 0 0 
7  |0 0 0 0 0 0 0 0 0 
8  |0 0 0 0 0 0 0 0 0 

INFO AWT-EventQueue-0 de.htwg.go - 
set BLACK at (5,4)
white is next
INFO AWT-EventQueue-0 de.htwg.go - 
white Player score: 1
black Player score: 2
